Build started 26-04-2017 16:54:06.
     1>Project "C:\Users\Asus\Documents\Visual Studio 2010\Projects\Lab4\Lab4\Lab4.vcxproj" on node 2 (build target(s)).
     1>InitializeBuildStatus:
         Creating "Debug\PP Lab.unsuccessfulbuild" because "AlwaysCreate" was specified.
       AddCudaCompileDeps:
       Skipping target "AddCudaCompileDeps" because all output files are up-to-date with respect to the input files.
       AddCudaCompileDeps:
       Skipping target "AddCudaCompileDeps" because all output files are up-to-date with respect to the input files.
       AddCudaCompileDeps:
       Skipping target "AddCudaCompileDeps" because all output files are up-to-date with respect to the input files.
       AddCudaCompileDeps:
         C:\Program Files (x86)\Microsoft Visual Studio 10.0\VC\bin\cl.exe /E /nologo /showIncludes /TP /D__CUDACC__ /DWIN32 /D_DEBUG /D_CONSOLE /D_MBCS /I"C:\Program Files\NVIDIA GPU Computing Toolkit\CUDA\v8.0\include" /I"C:\Program Files\NVIDIA GPU Computing Toolkit\CUDA\v8.0\bin" /I"C:\Program Files\NVIDIA GPU Computing Toolkit\CUDA\v8.0\include" /I. /FIcuda_runtime.h /c "C:\Users\Asus\Documents\Visual Studio 2010\Projects\Lab4\Lab4\csea.cu" 
       AddCudaCompileDeps:
       Skipping target "AddCudaCompileDeps" because all output files are up-to-date with respect to the input files.
       AddCudaCompileDeps:
       Skipping target "AddCudaCompileDeps" because all output files are up-to-date with respect to the input files.
       AddCudaCompileDeps:
       Skipping target "AddCudaCompileDeps" because all output files are up-to-date with respect to the input files.
       AddCudaCompileDeps:
       Skipping target "AddCudaCompileDeps" because all output files are up-to-date with respect to the input files.
       AddCudaCompileDeps:
       Skipping target "AddCudaCompileDeps" because all output files are up-to-date with respect to the input files.
       AddCudaCompileDeps:
       Skipping target "AddCudaCompileDeps" because all output files are up-to-date with respect to the input files.
       AddCudaCompileDeps:
       Skipping target "AddCudaCompileDeps" because all output files are up-to-date with respect to the input files.
       AddCudaCompileDeps:
       Skipping target "AddCudaCompileDeps" because all output files are up-to-date with respect to the input files.
       AddCudaCompileDeps:
       Skipping target "AddCudaCompileDeps" because all output files are up-to-date with respect to the input files.
       AddCudaCompileDeps:
       Skipping target "AddCudaCompileDeps" because all output files are up-to-date with respect to the input files.
       AddCudaCompileDeps:
       Skipping target "AddCudaCompileDeps" because all output files are up-to-date with respect to the input files.
       AddCudaCompileDeps:
       Skipping target "AddCudaCompileDeps" because all output files are up-to-date with respect to the input files.
       AddCudaCompileDeps:
       Skipping target "AddCudaCompileDeps" because all output files are up-to-date with respect to the input files.
       AddCudaCompileDeps:
       Skipping target "AddCudaCompileDeps" because all output files are up-to-date with respect to the input files.
       AddCudaCompilePropsDeps:
       Skipping target "AddCudaCompilePropsDeps" because all output files are up-to-date with respect to the input files.
       AddCudaCompilePropsDeps:
       Skipping target "AddCudaCompilePropsDeps" because all output files are up-to-date with respect to the input files.
       AddCudaCompilePropsDeps:
       Skipping target "AddCudaCompilePropsDeps" because all output files are up-to-date with respect to the input files.
       AddCudaCompilePropsDeps:
       Skipping target "AddCudaCompilePropsDeps" because all output files are up-to-date with respect to the input files.
       AddCudaCompilePropsDeps:
       Skipping target "AddCudaCompilePropsDeps" because all output files are up-to-date with respect to the input files.
       AddCudaCompilePropsDeps:
       Skipping target "AddCudaCompilePropsDeps" because all output files are up-to-date with respect to the input files.
       AddCudaCompilePropsDeps:
       Skipping target "AddCudaCompilePropsDeps" because all output files are up-to-date with respect to the input files.
       AddCudaCompilePropsDeps:
       Skipping target "AddCudaCompilePropsDeps" because all output files are up-to-date with respect to the input files.
       AddCudaCompilePropsDeps:
       Skipping target "AddCudaCompilePropsDeps" because all output files are up-to-date with respect to the input files.
       AddCudaCompilePropsDeps:
       Skipping target "AddCudaCompilePropsDeps" because all output files are up-to-date with respect to the input files.
       AddCudaCompilePropsDeps:
       Skipping target "AddCudaCompilePropsDeps" because all output files are up-to-date with respect to the input files.
       AddCudaCompilePropsDeps:
       Skipping target "AddCudaCompilePropsDeps" because all output files are up-to-date with respect to the input files.
       AddCudaCompilePropsDeps:
       Skipping target "AddCudaCompilePropsDeps" because all output files are up-to-date with respect to the input files.
       AddCudaCompilePropsDeps:
       Skipping target "AddCudaCompilePropsDeps" because all output files are up-to-date with respect to the input files.
       AddCudaCompilePropsDeps:
       Skipping target "AddCudaCompilePropsDeps" because all output files are up-to-date with respect to the input files.
       AddCudaCompilePropsDeps:
       Skipping target "AddCudaCompilePropsDeps" because all output files are up-to-date with respect to the input files.
       AddCudaCompilePropsDeps:
       Skipping target "AddCudaCompilePropsDeps" because all output files are up-to-date with respect to the input files.
       AddCudaCompilePropsDeps:
       Skipping target "AddCudaCompilePropsDeps" because all output files are up-to-date with respect to the input files.
     1>Project "C:\Users\Asus\Documents\Visual Studio 2010\Projects\Lab4\Lab4\Lab4.vcxproj" (1) is building "C:\Users\Asus\Documents\Visual Studio 2010\Projects\Lab4\Lab4\Lab4.vcxproj" (1:3) on node 1 (CudaBuildCore target(s)).
     1>CudaBuildCore:
       Skipping target "CudaBuildCore" because all output files are up-to-date with respect to the input files.
     1>Done Building Project "C:\Users\Asus\Documents\Visual Studio 2010\Projects\Lab4\Lab4\Lab4.vcxproj" (CudaBuildCore target(s)).
     1>Project "C:\Users\Asus\Documents\Visual Studio 2010\Projects\Lab4\Lab4\Lab4.vcxproj" (1) is building "C:\Users\Asus\Documents\Visual Studio 2010\Projects\Lab4\Lab4\Lab4.vcxproj" (1:2) on node 2 (CudaBuildCore target(s)).
     1>CudaBuildCore:
       Skipping target "CudaBuildCore" because all output files are up-to-date with respect to the input files.
     1>Done Building Project "C:\Users\Asus\Documents\Visual Studio 2010\Projects\Lab4\Lab4\Lab4.vcxproj" (CudaBuildCore target(s)).
     1>Project "C:\Users\Asus\Documents\Visual Studio 2010\Projects\Lab4\Lab4\Lab4.vcxproj" (1) is building "C:\Users\Asus\Documents\Visual Studio 2010\Projects\Lab4\Lab4\Lab4.vcxproj" (1:4) on node 2 (CudaBuildCore target(s)).
     1>CudaBuildCore:
       Skipping target "CudaBuildCore" because all output files are up-to-date with respect to the input files.
     1>Done Building Project "C:\Users\Asus\Documents\Visual Studio 2010\Projects\Lab4\Lab4\Lab4.vcxproj" (CudaBuildCore target(s)).
     1>Project "C:\Users\Asus\Documents\Visual Studio 2010\Projects\Lab4\Lab4\Lab4.vcxproj" (1) is building "C:\Users\Asus\Documents\Visual Studio 2010\Projects\Lab4\Lab4\Lab4.vcxproj" (1:5) on node 1 (CudaBuildCore target(s)).
     1>CudaBuildCore:
       Skipping target "CudaBuildCore" because all output files are up-to-date with respect to the input files.
     1>Done Building Project "C:\Users\Asus\Documents\Visual Studio 2010\Projects\Lab4\Lab4\Lab4.vcxproj" (CudaBuildCore target(s)).
     1>Project "C:\Users\Asus\Documents\Visual Studio 2010\Projects\Lab4\Lab4\Lab4.vcxproj" (1) is building "C:\Users\Asus\Documents\Visual Studio 2010\Projects\Lab4\Lab4\Lab4.vcxproj" (1:8) on node 1 (CudaBuildCore target(s)).
     1>CudaBuildCore:
       Skipping target "CudaBuildCore" because all output files are up-to-date with respect to the input files.
     1>Project "C:\Users\Asus\Documents\Visual Studio 2010\Projects\Lab4\Lab4\Lab4.vcxproj" (1) is building "C:\Users\Asus\Documents\Visual Studio 2010\Projects\Lab4\Lab4\Lab4.vcxproj" (1:9) on node 3 (CudaBuildCore target(s)).
     1>CudaBuildCore:
       Skipping target "CudaBuildCore" because all output files are up-to-date with respect to the input files.
     1>Done Building Project "C:\Users\Asus\Documents\Visual Studio 2010\Projects\Lab4\Lab4\Lab4.vcxproj" (CudaBuildCore target(s)).
     1>Done Building Project "C:\Users\Asus\Documents\Visual Studio 2010\Projects\Lab4\Lab4\Lab4.vcxproj" (CudaBuildCore target(s)).
     1>Project "C:\Users\Asus\Documents\Visual Studio 2010\Projects\Lab4\Lab4\Lab4.vcxproj" (1) is building "C:\Users\Asus\Documents\Visual Studio 2010\Projects\Lab4\Lab4\Lab4.vcxproj" (1:6) on node 5 (CudaBuildCore target(s)).
     1>CudaBuildCore:
       Skipping target "CudaBuildCore" because all output files are up-to-date with respect to the input files.
     1>Done Building Project "C:\Users\Asus\Documents\Visual Studio 2010\Projects\Lab4\Lab4\Lab4.vcxproj" (CudaBuildCore target(s)).
     1>Project "C:\Users\Asus\Documents\Visual Studio 2010\Projects\Lab4\Lab4\Lab4.vcxproj" (1) is building "C:\Users\Asus\Documents\Visual Studio 2010\Projects\Lab4\Lab4\Lab4.vcxproj" (1:10) on node 2 (CudaBuildCore target(s)).
     1>CudaBuildCore:
       Skipping target "CudaBuildCore" because all output files are up-to-date with respect to the input files.
     1>Done Building Project "C:\Users\Asus\Documents\Visual Studio 2010\Projects\Lab4\Lab4\Lab4.vcxproj" (CudaBuildCore target(s)).
     1>Project "C:\Users\Asus\Documents\Visual Studio 2010\Projects\Lab4\Lab4\Lab4.vcxproj" (1) is building "C:\Users\Asus\Documents\Visual Studio 2010\Projects\Lab4\Lab4\Lab4.vcxproj" (1:7) on node 6 (CudaBuildCore target(s)).
     1>CudaBuildCore:
         Compiling CUDA source file csea.cu...
     1>Project "C:\Users\Asus\Documents\Visual Studio 2010\Projects\Lab4\Lab4\Lab4.vcxproj" (1) is building "C:\Users\Asus\Documents\Visual Studio 2010\Projects\Lab4\Lab4\Lab4.vcxproj" (1:11) on node 1 (CudaBuildCore target(s)).
     1>CudaBuildCore:
       Skipping target "CudaBuildCore" because all output files are up-to-date with respect to the input files.
     1>Done Building Project "C:\Users\Asus\Documents\Visual Studio 2010\Projects\Lab4\Lab4\Lab4.vcxproj" (CudaBuildCore target(s)).
     1>Project "C:\Users\Asus\Documents\Visual Studio 2010\Projects\Lab4\Lab4\Lab4.vcxproj" (1) is building "C:\Users\Asus\Documents\Visual Studio 2010\Projects\Lab4\Lab4\Lab4.vcxproj" (1:12) on node 3 (CudaBuildCore target(s)).
     1>CudaBuildCore:
       Skipping target "CudaBuildCore" because all output files are up-to-date with respect to the input files.
     1>Done Building Project "C:\Users\Asus\Documents\Visual Studio 2010\Projects\Lab4\Lab4\Lab4.vcxproj" (CudaBuildCore target(s)).
     1>Project "C:\Users\Asus\Documents\Visual Studio 2010\Projects\Lab4\Lab4\Lab4.vcxproj" (1) is building "C:\Users\Asus\Documents\Visual Studio 2010\Projects\Lab4\Lab4\Lab4.vcxproj" (1:13) on node 4 (CudaBuildCore target(s)).
     1>CudaBuildCore:
       Skipping target "CudaBuildCore" because all output files are up-to-date with respect to the input files.
     1>Done Building Project "C:\Users\Asus\Documents\Visual Studio 2010\Projects\Lab4\Lab4\Lab4.vcxproj" (CudaBuildCore target(s)).
     1>Project "C:\Users\Asus\Documents\Visual Studio 2010\Projects\Lab4\Lab4\Lab4.vcxproj" (1) is building "C:\Users\Asus\Documents\Visual Studio 2010\Projects\Lab4\Lab4\Lab4.vcxproj" (1:15) on node 5 (CudaBuildCore target(s)).
     1>CudaBuildCore:
       Skipping target "CudaBuildCore" because all output files are up-to-date with respect to the input files.
     1>Project "C:\Users\Asus\Documents\Visual Studio 2010\Projects\Lab4\Lab4\Lab4.vcxproj" (1) is building "C:\Users\Asus\Documents\Visual Studio 2010\Projects\Lab4\Lab4\Lab4.vcxproj" (1:14) on node 8 (CudaBuildCore target(s)).
     1>CudaBuildCore:
       Skipping target "CudaBuildCore" because all output files are up-to-date with respect to the input files.
     1>Done Building Project "C:\Users\Asus\Documents\Visual Studio 2010\Projects\Lab4\Lab4\Lab4.vcxproj" (CudaBuildCore target(s)).
     1>Done Building Project "C:\Users\Asus\Documents\Visual Studio 2010\Projects\Lab4\Lab4\Lab4.vcxproj" (CudaBuildCore target(s)).
     1>Project "C:\Users\Asus\Documents\Visual Studio 2010\Projects\Lab4\Lab4\Lab4.vcxproj" (1) is building "C:\Users\Asus\Documents\Visual Studio 2010\Projects\Lab4\Lab4\Lab4.vcxproj" (1:16) on node 2 (CudaBuildCore target(s)).
     1>CudaBuildCore:
       Skipping target "CudaBuildCore" because all output files are up-to-date with respect to the input files.
     1>Done Building Project "C:\Users\Asus\Documents\Visual Studio 2010\Projects\Lab4\Lab4\Lab4.vcxproj" (CudaBuildCore target(s)).
     1>Project "C:\Users\Asus\Documents\Visual Studio 2010\Projects\Lab4\Lab4\Lab4.vcxproj" (1) is building "C:\Users\Asus\Documents\Visual Studio 2010\Projects\Lab4\Lab4\Lab4.vcxproj" (1:17) on node 1 (CudaBuildCore target(s)).
     1>CudaBuildCore:
       Skipping target "CudaBuildCore" because all output files are up-to-date with respect to the input files.
     1>Done Building Project "C:\Users\Asus\Documents\Visual Studio 2010\Projects\Lab4\Lab4\Lab4.vcxproj" (CudaBuildCore target(s)).
     1>Project "C:\Users\Asus\Documents\Visual Studio 2010\Projects\Lab4\Lab4\Lab4.vcxproj" (1) is building "C:\Users\Asus\Documents\Visual Studio 2010\Projects\Lab4\Lab4\Lab4.vcxproj" (1:18) on node 7 (CudaBuildCore target(s)).
     1>CudaBuildCore:
       Skipping target "CudaBuildCore" because all output files are up-to-date with respect to the input files.
     1>Done Building Project "C:\Users\Asus\Documents\Visual Studio 2010\Projects\Lab4\Lab4\Lab4.vcxproj" (CudaBuildCore target(s)).
     1>Project "C:\Users\Asus\Documents\Visual Studio 2010\Projects\Lab4\Lab4\Lab4.vcxproj" (1) is building "C:\Users\Asus\Documents\Visual Studio 2010\Projects\Lab4\Lab4\Lab4.vcxproj" (1:19) on node 4 (CudaBuildCore target(s)).
     1>CudaBuildCore:
       Skipping target "CudaBuildCore" because all output files are up-to-date with respect to the input files.
     1>Done Building Project "C:\Users\Asus\Documents\Visual Studio 2010\Projects\Lab4\Lab4\Lab4.vcxproj" (CudaBuildCore target(s)).
     1>CudaBuildCore:
         cmd.exe /C "C:\Users\Asus\AppData\Local\Temp\tmp0b08ca45fee9468f8eda56a420aeacd2.cmd"
         "C:\Program Files\NVIDIA GPU Computing Toolkit\CUDA\v8.0\bin\nvcc.exe" -gencode=arch=compute_20,code=\"sm_20,compute_20\" --use-local-env --cl-version 2010 -ccbin "C:\Program Files (x86)\Microsoft Visual Studio 10.0\VC\bin"  -I"C:\Program Files\NVIDIA GPU Computing Toolkit\CUDA\v8.0\include" -I"C:\Program Files\NVIDIA GPU Computing Toolkit\CUDA\v8.0\include"  -G   --keep-dir Debug -maxrregcount=0  --machine 32 --compile -cudart static  -g   -DWIN32 -D_DEBUG -D_CONSOLE -D_MBCS -Xcompiler "/EHsc /W3 /nologo /Od  /Zi /RTC1 /MDd " -o Debug\csea.cu.obj "C:\Users\Asus\Documents\Visual Studio 2010\Projects\Lab4\Lab4\csea.cu"
         
         C:\Users\Asus\Documents\Visual Studio 2010\Projects\Lab4\Lab4>"C:\Program Files\NVIDIA GPU Computing Toolkit\CUDA\v8.0\bin\nvcc.exe" -gencode=arch=compute_20,code=\"sm_20,compute_20\" --use-local-env --cl-version 2010 -ccbin "C:\Program Files (x86)\Microsoft Visual Studio 10.0\VC\bin"  -I"C:\Program Files\NVIDIA GPU Computing Toolkit\CUDA\v8.0\include" -I"C:\Program Files\NVIDIA GPU Computing Toolkit\CUDA\v8.0\include"  -G   --keep-dir Debug -maxrregcount=0  --machine 32 --compile -cudart static  -g   -DWIN32 -D_DEBUG -D_CONSOLE -D_MBCS -Xcompiler "/EHsc /W3 /nologo /Od  /Zi /RTC1 /MDd " -o Debug\csea.cu.obj "C:\Users\Asus\Documents\Visual Studio 2010\Projects\Lab4\Lab4\csea.cu" 
     1>C:/Users/Asus/Documents/Visual Studio 2010/Projects/Lab4/Lab4/csea.cu(35): warning : a host variable "rowsame" cannot be directly read in a device function
         
     1>C:/Users/Asus/Documents/Visual Studio 2010/Projects/Lab4/Lab4/csea.cu(35): warning : a host variable "rowsame" cannot be directly written in a device function
         
     1>C:/Users/Asus/Documents/Visual Studio 2010/Projects/Lab4/Lab4/csea.cu(35): error : identifier "rowsame" is undefined
         
         1 error detected in the compilation of "C:/Users/Asus/AppData/Local/Temp/tmpxft_00001dd0_00000000-11_csea.cpp2.i".
     1>CUDACOMPILE : nvcc warning : The 'compute_20', 'sm_20', and 'sm_21' architectures are deprecated, and may be removed in a future release (Use -Wno-deprecated-gpu-targets to suppress warning).
     1>CUDACOMPILE : nvcc warning : nvcc support for Microsoft Visual Studio 2010 and earlier has been deprecated and is no longer being maintained
         csea.cu
     1>C:\Program Files (x86)\MSBuild\Microsoft.Cpp\v4.0\BuildCustomizations\CUDA 8.0.targets(687,9): error MSB3721: The command ""C:\Program Files\NVIDIA GPU Computing Toolkit\CUDA\v8.0\bin\nvcc.exe" -gencode=arch=compute_20,code=\"sm_20,compute_20\" --use-local-env --cl-version 2010 -ccbin "C:\Program Files (x86)\Microsoft Visual Studio 10.0\VC\bin"  -I"C:\Program Files\NVIDIA GPU Computing Toolkit\CUDA\v8.0\include" -I"C:\Program Files\NVIDIA GPU Computing Toolkit\CUDA\v8.0\include"  -G   --keep-dir Debug -maxrregcount=0  --machine 32 --compile -cudart static  -g   -DWIN32 -D_DEBUG -D_CONSOLE -D_MBCS -Xcompiler "/EHsc /W3 /nologo /Od  /Zi /RTC1 /MDd " -o Debug\csea.cu.obj "C:\Users\Asus\Documents\Visual Studio 2010\Projects\Lab4\Lab4\csea.cu"" exited with code 2.
     1>Done Building Project "C:\Users\Asus\Documents\Visual Studio 2010\Projects\Lab4\Lab4\Lab4.vcxproj" (CudaBuildCore target(s)) -- FAILED.
     1>Done Building Project "C:\Users\Asus\Documents\Visual Studio 2010\Projects\Lab4\Lab4\Lab4.vcxproj" (build target(s)) -- FAILED.

Build FAILED.

Time Elapsed 00:00:02.32
