C:\USERS\ASUS\DOCUMENTS\VISUAL STUDIO 2010\PROJECTS\LAB4\DEBUG\PP LAB.EXE
C:\USERS\ASUS\DOCUMENTS\VISUAL STUDIO 2010\PROJECTS\LAB4\DEBUG\PP LAB.PDB
C:\Users\Asus\Documents\Visual Studio 2010\Projects\Lab4\Lab4\Debug\Basu_Exploit.cu.cache
C:\Users\Asus\Documents\Visual Studio 2010\Projects\Lab4\Lab4\Debug\Basu_Exploit.cu.obj
C:\Users\Asus\Documents\Visual Studio 2010\Projects\Lab4\Lab4\Debug\Convolution_1D.cu.cache
C:\Users\Asus\Documents\Visual Studio 2010\Projects\Lab4\Lab4\Debug\Convolution_1D.cu.obj
C:\Users\Asus\Documents\Visual Studio 2010\Projects\Lab4\Lab4\Debug\kernel.cu.cache
C:\Users\Asus\Documents\Visual Studio 2010\Projects\Lab4\Lab4\Debug\kernel.cu.obj
C:\Users\Asus\Documents\Visual Studio 2010\Projects\Lab4\Lab4\Debug\Lab4.cu.cache
C:\Users\Asus\Documents\Visual Studio 2010\Projects\Lab4\Lab4\Debug\Lab4.cu.obj
C:\Users\Asus\Documents\Visual Studio 2010\Projects\Lab4\Lab4\Debug\Lab4.vcxprojResolveAssemblyReference.cache
C:\Users\Asus\Documents\Visual Studio 2010\Projects\Lab4\Lab4\Debug\Lab4Sam.cu.cache
C:\Users\Asus\Documents\Visual Studio 2010\Projects\Lab4\Lab4\Debug\Lab4Sam.cu.obj
C:\Users\Asus\Documents\Visual Studio 2010\Projects\Lab4\Lab4\Debug\Lab5.cu.cache
C:\Users\Asus\Documents\Visual Studio 2010\Projects\Lab4\Lab4\Debug\Lab5.cu.obj
C:\Users\Asus\Documents\Visual Studio 2010\Projects\Lab4\Lab4\Debug\Lab6.cu.cache
C:\Users\Asus\Documents\Visual Studio 2010\Projects\Lab4\Lab4\Debug\Lab6.cu.obj
C:\Users\Asus\Documents\Visual Studio 2010\Projects\Lab4\Lab4\Debug\Lab7.cu.cache
C:\Users\Asus\Documents\Visual Studio 2010\Projects\Lab4\Lab4\Debug\Lab7.cu.obj
C:\Users\Asus\Documents\Visual Studio 2010\Projects\Lab4\Lab4\Debug\link.command.1.tlog
C:\Users\Asus\Documents\Visual Studio 2010\Projects\Lab4\Lab4\Debug\link.read.1.tlog
C:\Users\Asus\Documents\Visual Studio 2010\Projects\Lab4\Lab4\Debug\link.write.1.tlog
C:\Users\Asus\Documents\Visual Studio 2010\Projects\Lab4\Lab4\Debug\Matrix_Mul.cu.cache
C:\Users\Asus\Documents\Visual Studio 2010\Projects\Lab4\Lab4\Debug\Matrix_Mul.cu.obj
C:\Users\Asus\Documents\Visual Studio 2010\Projects\Lab4\Lab4\Debug\mt.command.1.tlog
C:\Users\Asus\Documents\Visual Studio 2010\Projects\Lab4\Lab4\Debug\mt.read.1.tlog
C:\Users\Asus\Documents\Visual Studio 2010\Projects\Lab4\Lab4\Debug\mt.write.1.tlog
C:\Users\Asus\Documents\Visual Studio 2010\Projects\Lab4\Lab4\Debug\OpenMP_Test.cu.cache
C:\Users\Asus\Documents\Visual Studio 2010\Projects\Lab4\Lab4\Debug\OpenMP_Test.cu.obj
C:\USERS\ASUS\DOCUMENTS\VISUAL STUDIO 2010\PROJECTS\LAB4\LAB4\DEBUG\PP LAB.EXE.INTERMEDIATE.MANIFEST
C:\Users\Asus\Documents\Visual Studio 2010\Projects\Lab4\Lab4\Debug\PP Lab.write.1.tlog
C:\Users\Asus\Documents\Visual Studio 2010\Projects\Lab4\Lab4\Debug\Prefix_Sum.cu.cache
C:\Users\Asus\Documents\Visual Studio 2010\Projects\Lab4\Lab4\Debug\Prefix_Sum.cu.obj
C:\Users\Asus\Documents\Visual Studio 2010\Projects\Lab4\Lab4\Debug\Reduction_Sum.cu.cache
C:\Users\Asus\Documents\Visual Studio 2010\Projects\Lab4\Lab4\Debug\Reduction_Sum.cu.obj
C:\Users\Asus\Documents\Visual Studio 2010\Projects\Lab4\Lab4\Debug\Sakshi_Exploit.cu.cache
C:\Users\Asus\Documents\Visual Studio 2010\Projects\Lab4\Lab4\Debug\Sakshi_Exploit.cu.obj
